current directory: /Users/ava/Library/Mobile Documents/com~apple~CloudDocs/Research_mxt/mengxiangtao.github.io/mengxiangtao.github.io/vendor/bundle/ruby/2.6.0/gems/http_parser.rb-0.6.0/ext/ruby_http_parser
/System/Library/Frameworks/Ruby.framework/Versions/2.6/usr/bin/ruby -I /System/Library/Frameworks/Ruby.framework/Versions/2.6/usr/lib/ruby/2.6.0 -r ./siteconf20260107-8196-1yggu9j.rb extconf.rb --with-cflags\=-Wno-error\=implicit-function-declaration
creating Makefile

current directory: /Users/ava/Library/Mobile Documents/com~apple~CloudDocs/Research_mxt/mengxiangtao.github.io/mengxiangtao.github.io/vendor/bundle/ruby/2.6.0/gems/http_parser.rb-0.6.0/ext/ruby_http_parser
make "DESTDIR=" clean

current directory: /Users/ava/Library/Mobile Documents/com~apple~CloudDocs/Research_mxt/mengxiangtao.github.io/mengxiangtao.github.io/vendor/bundle/ruby/2.6.0/gems/http_parser.rb-0.6.0/ext/ruby_http_parser
make "DESTDIR="
compiling ruby_http_parser.c
clang: error: no such file or directory: 'Documents/com~apple~CloudDocs/Research_mxt/mengxiangtao.github.io/mengxiangtao.github.io/vendor/bundle/ruby/2.6.0/gems/http_parser.rb-0.6.0/ext/ruby_http_parser'
make: *** [ruby_http_parser.o] Error 1

make failed, exit code 2
